2022-04-27 00:00:41,019 INFO (CrossFilter.java:30)- =======请求开始:[/admin/commodity/getAllParamList]======[GET]
2022-04-27 00:01:23,947 INFO (CrossFilter.java:30)- =======请求开始:[/admin/commodity/getAllParamList]======[GET]
2022-04-27 00:01:34,664 INFO (CrossFilter.java:30)- =======请求开始:[/admin/commodity/getAllParamList]======[GET]
2022-04-27 00:02:29,638 INFO (CrossFilter.java:30)- =======请求开始:[/admin/commodity/getAllParamList]======[GET]
2022-04-27 00:07:28,345 INFO (CrossFilter.java:30)- =======请求开始:[/admin/commodity/getAllParamList]======[GET]
2022-04-27 00:11:50,181 INFO (CrossFilter.java:30)- =======请求开始:[/admin/commodity/getAllParamList]======[GET]
2022-04-27 00:12:17,177 INFO (CrossFilter.java:30)- =======请求开始:[/admin/commodity/getAllParamList]======[GET]
2022-04-27 00:12:39,558 INFO (CrossFilter.java:30)- =======请求开始:[/admin/commodity/getAllParamList]======[GET]
2022-04-27 00:12:44,903 INFO (CrossFilter.java:30)- =======请求开始:[/admin/commodity/getAllParamList]======[GET]
2022-04-27 00:14:28,304 INFO (CrossFilter.java:30)- =======请求开始:[/admin/commodity/getAllParamList]======[GET]
2022-04-27 00:14:58,404 INFO (CrossFilter.java:30)- =======请求开始:[/admin/commodity/getAllParamList]======[GET]
2022-04-27 00:15:35,271 INFO (CrossFilter.java:30)- =======请求开始:[/admin/commodity/getAllParamList]======[GET]
2022-04-27 00:23:47,744 INFO (CrossFilter.java:30)- =======请求开始:[/admin/commodity/getAllParamList]======[GET]
2022-04-27 00:25:36,855 INFO (CrossFilter.java:30)- =======请求开始:[/admin/commodity/getAllParamList]======[GET]
2022-04-27 00:28:39,539 INFO (CrossFilter.java:30)- =======请求开始:[/admin/commodity/getAllParamList]======[GET]
2022-04-27 00:30:43,833 INFO (CrossFilter.java:30)- =======请求开始:[/admin/commodity/getAllParamList]======[GET]
2022-04-27 00:31:57,467 INFO (CrossFilter.java:30)- =======请求开始:[/admin/commodity/getAllParamList]======[GET]
2022-04-27 00:35:34,171 INFO (CrossFilter.java:30)- =======请求开始:[/admin/commodity/getAllParamList]======[GET]
2022-04-27 00:37:08,298 INFO (CrossFilter.java:30)- =======请求开始:[/admin/commodity/getAllParamList]======[GET]
2022-04-27 00:37:39,509 INFO (CrossFilter.java:30)- =======请求开始:[/admin/commodity/getAllParamList]======[GET]
2022-04-27 00:38:07,425 INFO (CrossFilter.java:30)- =======请求开始:[/admin/commodity/getAllParamList]======[GET]
2022-04-27 00:40:26,195 INFO (CrossFilter.java:30)- =======请求开始:[/admin/commodity/getAllParamList]======[GET]
2022-04-27 00:41:19,821 INFO (CrossFilter.java:30)- =======请求开始:[/admin/commodity/getAllParamList]======[GET]
2022-04-27 00:42:10,258 INFO (CrossFilter.java:30)- =======请求开始:[/admin/commodity/getAllParamList]======[GET]
2022-04-27 00:42:41,738 INFO (CrossFilter.java:30)- =======请求开始:[/admin/commodity/getAllParamList]======[GET]
2022-04-27 00:43:17,183 INFO (CrossFilter.java:30)- =======请求开始:[/admin/commodity/getAllParamList]======[GET]
2022-04-27 00:43:27,635 INFO (CrossFilter.java:30)- =======请求开始:[/admin/commodity/getAllParamList]======[GET]
2022-04-27 00:44:11,754 INFO (CrossFilter.java:30)- =======请求开始:[/admin/commodity/getAllParamList]======[GET]
2022-04-27 00:46:50,883 INFO (CrossFilter.java:30)- =======请求开始:[/admin/commodity/getAllParamList]======[GET]
2022-04-27 00:50:15,450 INFO (CrossFilter.java:30)- =======请求开始:[/admin/commodity/getAllParamList]======[GET]
2022-04-27 00:56:59,757 INFO (CrossFilter.java:30)- =======请求开始:[/admin/commodity/getAllParamList]======[GET]
2022-04-27 01:22:53,000 INFO (CrossFilter.java:30)- =======请求开始:[/admin/commodity/getAllParamList]======[GET]
2022-04-27 01:31:34,742 INFO (CrossFilter.java:30)- =======请求开始:[/admin/commodity/getAllParamList]======[GET]
2022-04-27 01:40:25,091 INFO (CrossFilter.java:30)- =======请求开始:[/admin/commodity/getAllParamList]======[GET]
2022-04-27 01:42:20,498 INFO (CrossFilter.java:30)- =======请求开始:[/admin/commodity/getAllParamList]======[GET]
2022-04-27 01:43:32,294 INFO (CrossFilter.java:30)- =======请求开始:[/admin/commodity/getAllParamList]======[GET]
2022-04-27 01:46:47,597 INFO (CrossFilter.java:30)- =======请求开始:[/admin/commodity/getAllParamList]======[GET]
2022-04-27 01:51:00,740 INFO (CrossFilter.java:30)- =======请求开始:[/admin/commodity/getAllParamList]======[GET]
2022-04-27 01:54:10,585 INFO (CrossFilter.java:30)- =======请求开始:[/admin/commodity/getAllParamList]======[GET]
2022-04-27 01:54:13,919 INFO (CrossFilter.java:30)- =======请求开始:[/admin/commodity/getAllParamList]======[GET]
2022-04-27 01:54:35,294 INFO (CrossFilter.java:30)- =======请求开始:[/admin/commodity/getAllParamList]======[GET]
2022-04-27 01:55:34,798 INFO (CrossFilter.java:30)- =======请求开始:[/admin/commodity/getAllParamList]======[GET]
2022-04-27 01:57:15,789 INFO (CrossFilter.java:30)- =======请求开始:[/admin/commodity/getAllParamList]======[GET]
2022-04-27 02:18:42,306 INFO (CrossFilter.java:30)- =======请求开始:[/admin/commodity/getAllParamList]======[GET]
2022-04-27 02:19:19,217 INFO (CrossFilter.java:30)- =======请求开始:[/admin/commodity/getAllParamList]======[GET]
2022-04-27 02:19:33,405 INFO (CrossFilter.java:30)- =======请求开始:[/admin/commodity/getAllParamList]======[GET]
2022-04-27 02:23:06,284 INFO (CrossFilter.java:30)- =======请求开始:[/admin/commodity/getAllParamList]======[GET]
2022-04-27 02:23:20,005 INFO (CrossFilter.java:30)- =======请求开始:[/admin/commodity/getAllParamList]======[GET]
2022-04-27 02:23:54,349 INFO (CrossFilter.java:30)- =======请求开始:[/admin/commodity/getAllParamList]======[GET]
2022-04-27 02:24:17,883 INFO (CrossFilter.java:30)- =======请求开始:[/admin/commodity/getAllParamList]======[GET]
2022-04-27 02:24:49,182 INFO (CrossFilter.java:30)- =======请求开始:[/admin/commodity/getAllParamList]======[GET]
2022-04-27 02:25:37,769 INFO (CrossFilter.java:30)- =======请求开始:[/admin/commodity/getAllParamList]======[GET]
2022-04-27 02:25:51,611 INFO (CrossFilter.java:30)- =======请求开始:[/admin/commodity/getAllParamList]======[GET]
2022-04-27 02:26:08,260 INFO (CrossFilter.java:30)- =======请求开始:[/admin/commodity/getAllParamList]======[GET]
2022-04-27 02:27:06,709 INFO (CrossFilter.java:30)- =======请求开始:[/admin/commodity/getAllParamList]======[GET]
2022-04-27 02:27:11,104 INFO (CrossFilter.java:30)- =======请求开始:[/admin/commodity/getAllParamList]======[GET]
2022-04-27 02:27:39,194 INFO (CrossFilter.java:30)- =======请求开始:[/admin/commodity/getAllParamList]======[GET]
2022-04-27 02:27:44,363 INFO (CrossFilter.java:30)- =======请求开始:[/admin/commodity/getAllParamList]======[GET]
2022-04-27 02:27:59,913 INFO (CrossFilter.java:30)- =======请求开始:[/admin/commodity/getAllParamList]======[GET]
2022-04-27 02:35:24,635 INFO (CrossFilter.java:30)- =======请求开始:[/admin/commodity/getAllParamList]======[GET]
2022-04-27 02:36:35,093 INFO (CrossFilter.java:30)- =======请求开始:[/admin/commodity/getAllParamList]======[GET]
2022-04-27 02:37:38,721 INFO (CrossFilter.java:30)- =======请求开始:[/admin/commodity/getAllParamList]======[GET]
2022-04-27 02:46:13,440 INFO (CrossFilter.java:30)- =======请求开始:[/admin/commodity/getAllParamList]======[GET]
2022-04-27 02:47:25,604 INFO (CrossFilter.java:30)- =======请求开始:[/admin/commodity/getAllParamList]======[GET]
2022-04-27 02:47:29,606 INFO (CrossFilter.java:30)- =======请求开始:[/admin/commodity/getAllParamList]======[GET]
2022-04-27 02:47:57,111 INFO (CrossFilter.java:30)- =======请求开始:[/admin/commodity/getAllParamList]======[GET]
2022-04-27 02:48:59,625 INFO (CrossFilter.java:30)- =======请求开始:[/admin/commodity/getAllParamList]======[GET]
2022-04-27 02:51:56,124 INFO (CrossFilter.java:30)- =======请求开始:[/admin/commodity/getAllParamList]======[GET]
2022-04-27 02:51:59,453 INFO (CrossFilter.java:30)- =======请求开始:[/admin/commodity/getAllParamList]======[GET]
2022-04-27 02:52:37,770 INFO (CrossFilter.java:30)- =======请求开始:[/admin/commodity/getAllParamList]======[GET]
2022-04-27 02:53:58,410 INFO (CrossFilter.java:30)- =======请求开始:[/admin/commodity/getAllParamList]======[GET]
2022-04-27 02:55:45,824 INFO (CrossFilter.java:30)- =======请求开始:[/admin/commodity/getAllParamList]======[GET]
2022-04-27 02:55:53,387 INFO (CrossFilter.java:30)- =======请求开始:[/admin/commodity/getAllParamList]======[GET]
2022-04-27 02:59:32,841 INFO (CrossFilter.java:30)- =======请求开始:[/admin/commodity/getAllParamList]======[GET]
2022-04-27 03:00:31,712 INFO (CrossFilter.java:30)- =======请求开始:[/admin/commodity/getAllParamList]======[GET]
2022-04-27 03:00:35,970 INFO (CrossFilter.java:30)- =======请求开始:[/admin/commodity/getAllParamList]======[GET]
2022-04-27 03:01:02,693 INFO (CrossFilter.java:30)- =======请求开始:[/admin/commodity/getAllParamList]======[GET]
2022-04-27 03:01:05,658 INFO (CrossFilter.java:30)- =======请求开始:[/admin/commodity/getAllParamList]======[GET]
2022-04-27 03:05:46,733 INFO (CrossFilter.java:30)- =======请求开始:[/admin/commodity/getAllParamList]======[GET]
2022-04-27 03:07:51,101 INFO (CrossFilter.java:30)- =======请求开始:[/admin/commodity/getAllParamList]======[GET]
2022-04-27 03:07:58,427 INFO (CrossFilter.java:30)- =======请求开始:[/admin/commodity/getAllParamList]======[GET]
2022-04-27 03:09:43,266 INFO (CrossFilter.java:30)- =======请求开始:[/admin/commodity/getAllParamList]======[GET]
2022-04-27 03:10:15,715 INFO (CrossFilter.java:30)- =======请求开始:[/admin/commodity/getAllParamList]======[GET]
2022-04-27 03:11:38,228 INFO (CrossFilter.java:30)- =======请求开始:[/admin/commodity/getAllParamList]======[GET]
2022-04-27 03:12:31,815 INFO (CrossFilter.java:30)- =======请求开始:[/admin/commodity/getAllParamList]======[GET]
2022-04-27 03:13:16,852 INFO (CrossFilter.java:30)- =======请求开始:[/admin/commodity/getAllParamList]======[GET]
2022-04-27 03:15:09,988 INFO (CrossFilter.java:30)- =======请求开始:[/admin/commodity/getAllParamList]======[GET]
2022-04-27 03:15:30,260 INFO (CrossFilter.java:30)- =======请求开始:[/admin/commodity/getAllParamList]======[GET]
2022-04-27 03:16:39,455 INFO (CrossFilter.java:30)- =======请求开始:[/admin/commodity/getAllParamList]======[GET]
2022-04-27 03:16:46,799 INFO (CrossFilter.java:30)- =======请求开始:[/admin/commodity/getAllParamList]======[GET]
2022-04-27 03:17:31,051 INFO (CrossFilter.java:30)- =======请求开始:[/admin/commodity/getAllParamList]======[GET]
2022-04-27 03:20:05,583 INFO (CrossFilter.java:30)- =======请求开始:[/admin/commodity/getAllParamList]======[GET]
2022-04-27 03:25:04,987 INFO (CrossFilter.java:30)- =======请求开始:[/admin/commodity/getAllParamList]======[GET]
2022-04-27 03:25:35,075 INFO (CrossFilter.java:30)- =======请求开始:[/admin/commodity/getAllParamList]======[GET]
2022-04-27 03:31:07,191 INFO (CrossFilter.java:30)- =======请求开始:[/admin/commodity/getAllParamList]======[GET]
2022-04-27 03:33:13,009 INFO (CrossFilter.java:30)- =======请求开始:[/admin/commodity/getAllParamList]======[GET]
2022-04-27 03:35:46,025 INFO (CrossFilter.java:30)- =======请求开始:[/admin/commodity/getAllParamList]======[GET]
2022-04-27 03:36:39,994 INFO (CrossFilter.java:30)- =======请求开始:[/admin/commodity/getAllParamList]======[GET]
2022-04-27 03:39:38,606 INFO (CrossFilter.java:30)- =======请求开始:[/admin/commodity/getAllParamList]======[GET]
2022-04-27 03:42:40,717 INFO (CrossFilter.java:30)- =======请求开始:[/admin/commodity/getAllParamList]======[GET]
2022-04-27 03:43:06,484 INFO (CrossFilter.java:30)- =======请求开始:[/admin/commodity/getAllParamList]======[GET]
2022-04-27 03:43:55,918 INFO (CrossFilter.java:30)- =======请求开始:[/admin/commodity/getAllParamList]======[GET]
2022-04-27 03:44:11,806 INFO (CrossFilter.java:30)- =======请求开始:[/admin/commodity/getAllParamList]======[GET]
2022-04-27 03:45:07,193 INFO (CrossFilter.java:30)- =======请求开始:[/admin/commodity/getAllParamList]======[GET]
2022-04-27 03:47:36,713 INFO (CrossFilter.java:30)- =======请求开始:[/admin/commodity/getAllParamList]======[GET]
2022-04-27 03:47:59,834 INFO (CrossFilter.java:30)- =======请求开始:[/admin/commodity/getAllParamList]======[GET]
2022-04-27 03:48:37,755 INFO (CrossFilter.java:30)- =======请求开始:[/admin/commodity/getAllParamList]======[GET]
2022-04-27 13:15:52,939 INFO (StartupInfoLogger.java:55)- Starting CommodityApplication using Java 17.0.2 on CandydeMacBook-Air.local with PID 59102 (/Users/candyboy/IdeaProjects/micro-service-mall/mall-commodity/build/classes/java/main started by candyboy in /Users/candyboy/IdeaProjects/micro-service-mall/mall-commodity)
2022-04-27 13:15:52,941 INFO (SpringApplication.java:637)- No active profile set, falling back to default profiles: default
2022-04-27 13:15:53,980 INFO (DataSourceConfig.java:33)- ====== DataSource init start ! =======
2022-04-27 13:15:54,000 INFO (DataSourceConfig.java:40)- ====== DataSource init success ! =======
2022-04-27 13:15:55,897 INFO (StartupInfoLogger.java:61)- Started CommodityApplication in 3.312 seconds (JVM running for 5.141)
2022-04-27 13:16:29,135 INFO (CrossFilter.java:30)- =======请求开始:[/admin/commodity/getAllParamList]======[GET]
2022-04-27 13:45:18,401 INFO (CrossFilter.java:30)- =======请求开始:[/admin/commodity/getAllParamList]======[GET]
2022-04-27 13:46:16,517 INFO (CrossFilter.java:30)- =======请求开始:[/admin/commodity/getAllParamList]======[GET]
2022-04-27 13:47:25,977 INFO (CrossFilter.java:30)- =======请求开始:[/admin/commodity/getAllParamList]======[GET]
2022-04-27 13:48:58,553 INFO (CrossFilter.java:30)- =======请求开始:[/admin/commodity/getAllParamList]======[GET]
2022-04-27 13:49:01,903 INFO (CrossFilter.java:30)- =======请求开始:[/admin/commodity/getAllParamList]======[GET]
2022-04-27 13:49:24,460 INFO (CrossFilter.java:30)- =======请求开始:[/admin/commodity/getAllParamList]======[GET]
2022-04-27 13:49:37,224 INFO (CrossFilter.java:30)- =======请求开始:[/admin/commodity/getAllParamList]======[GET]
2022-04-27 13:49:40,392 INFO (CrossFilter.java:30)- =======请求开始:[/admin/commodity/getAllParamList]======[GET]
2022-04-27 13:51:15,621 INFO (CrossFilter.java:30)- =======请求开始:[/admin/commodity/getAllParamList]======[GET]
2022-04-27 14:52:53,615 INFO (StartupInfoLogger.java:55)- Starting CommodityApplication using Java 17.0.2 on CandydeMacBook-Air.local with PID 61497 (/Users/candyboy/IdeaProjects/micro-service-mall/mall-commodity/build/classes/java/main started by candyboy in /Users/candyboy/IdeaProjects/micro-service-mall/mall-commodity)
2022-04-27 14:52:53,617 INFO (SpringApplication.java:637)- No active profile set, falling back to default profiles: default
2022-04-27 14:52:55,545 INFO (DataSourceConfig.java:33)- ====== DataSource init start ! =======
2022-04-27 14:52:55,568 INFO (DataSourceConfig.java:40)- ====== DataSource init success ! =======
2022-04-27 14:53:22,897 INFO (StartupInfoLogger.java:55)- Starting CommodityApplication using Java 17.0.2 on CandydeMacBook-Air.local with PID 61544 (/Users/candyboy/IdeaProjects/micro-service-mall/mall-commodity/build/classes/java/main started by candyboy in /Users/candyboy/IdeaProjects/micro-service-mall/mall-commodity)
2022-04-27 14:53:22,899 INFO (SpringApplication.java:637)- No active profile set, falling back to default profiles: default
2022-04-27 14:53:24,058 INFO (DataSourceConfig.java:33)- ====== DataSource init start ! =======
2022-04-27 14:53:24,075 INFO (DataSourceConfig.java:40)- ====== DataSource init success ! =======
2022-04-27 14:53:25,845 INFO (StartupInfoLogger.java:61)- Started CommodityApplication in 3.33 seconds (JVM running for 4.379)
